2022-06-09 21:26:08,791,791: INFO: Started server process [56400]
2022-06-09 21:26:08,792,792: INFO: Waiting for application startup.
2022-06-09 21:26:09,037,37: INFO: Started server process [37180]
2022-06-09 21:26:09,038,38: INFO: Waiting for application startup.
2022-06-09 21:26:09,255,255: INFO: Application startup complete.
2022-06-09 21:26:09,473,473: INFO: Application startup complete.
2022-06-09 21:26:08,791,791: INFO: Started server process [56400]
2022-06-09 21:26:08,792,792: INFO: Waiting for application startup.
2022-06-09 21:26:09,037,37: INFO: Started server process [37180]
2022-06-09 21:26:09,038,38: INFO: Waiting for application startup.
2022-06-09 21:26:09,255,255: INFO: Application startup complete.
2022-06-09 21:26:09,473,473: INFO: Application startup complete.

Responded with Image of ID 8
Responded with Image of ID 8
Responded with Image of ID 8
Responded with Image of ID 8
Responded with Image of ID 8
Responded with Image of ID 8
Responded with Image of ID 8
Responded with Image of ID 8
Responded with Image of ID 8
2022-06-09 22:23:18,920,920: INFO: Started server process [13656]
2022-06-09 22:23:18,920,920: INFO: Waiting for application startup.
2022-06-09 22:23:18,931,931: INFO: Started server process [57616]
2022-06-09 22:23:18,931,931: INFO: Waiting for application startup.
2022-06-09 22:23:19,464,464: INFO: Application startup complete.
2022-06-09 22:23:19,495,495: INFO: Application startup complete.
Responded with Image of ID 8
2022-06-09 22:23:24,609,609: INFO: Responded with Image of ID 8
2022-06-09 22:24:49,686,686: INFO: Started server process [56816]
2022-06-09 22:24:49,687,687: INFO: Waiting for application startup.
2022-06-09 22:24:49,694,694: INFO: Started server process [58772]
2022-06-09 22:24:49,695,695: INFO: Waiting for application startup.
2022-06-09 22:24:50,200,200: INFO: Application startup complete.
2022-06-09 22:24:50,224,224: INFO: Application startup complete.
2022-06-09 22:26:48,351,351: INFO: Responded with Image of ID 8
2022-06-09 22:27:33,579,579: INFO: 2022-06-09 21:26:08,791,791: INFO: Started server process [56400]
2022-06-09 21:26:08,792,792: INFO: Waiting for application startup.
2022-06-09 21:26:09,037,37: INFO: Started server process [37180]
2022-06-09 21:26:09,038,38: INFO: Waiting for application startup.
2022-06-09 21:26:09,255,255: INFO: Application startup complete.
2022-06-09 21:26:09,473,473: INFO: Application startup complete.
2022-06-09 21:26:08,791,791: INFO: Started server process [56400]
2022-06-09 21:26:08,792,792: INFO: Waiting for application startup.
2022-06-09 21:26:09,037,37: INFO: Started server process [37180]
2022-06-09 21:26:09,038,38: INFO: Waiting for application startup.
2022-06-09 21:26:09,255,255: INFO: Application startup complete.
2022-06-09 21:26:09,473,473: INFO: Application startup complete.

Responded with Image of ID 8
Responded with Image of ID 8
Responded with Image of ID 8
Responded with Image of ID 8
Responded with Image of ID 8
Responded with Image of ID 8
Responded with Image of ID 8
Responded with Image of ID 8
Responded with Image of ID 8
2022-06-09 22:23:18,920,920: INFO: Started server process [13656]
2022-06-09 22:23:18,920,920: INFO: Waiting for application startup.
2022-06-09 22:23:18,931,931: INFO: Started server process [57616]
2022-06-09 22:23:18,931,931: INFO: Waiting for application startup.
2022-06-09 22:23:19,464,464: INFO: Application startup complete.
2022-06-09 22:23:19,495,495: INFO: Application startup complete.
Responded with Image of ID 8
2022-06-09 22:23:24,609,609: INFO: Responded with Image of ID 8
2022-06-09 22:24:49,686,686: INFO: Started server process [56816]
2022-06-09 22:24:49,687,687: INFO: Waiting for application startup.
2022-06-09 22:24:49,694,694: INFO: Started server process [58772]
2022-06-09 22:24:49,695,695: INFO: Waiting for application startup.
2022-06-09 22:24:50,200,200: INFO: Application startup complete.
2022-06-09 22:24:50,224,224: INFO: Application startup complete.
2022-06-09 22:26:48,351,351: INFO: Responded with Image of ID 8

2022-06-09 22:29:15,094,94: INFO: Responded with Image of ID 8
